2024-01-29 21:32:37,004 - CRITICAL - Starting image resize and center
2024-01-29 21:32:37,033 - DEBUG - Importing BlpImagePlugin
2024-01-29 21:32:37,036 - DEBUG - Importing BmpImagePlugin
2024-01-29 21:32:37,037 - DEBUG - Importing BufrStubImagePlugin
2024-01-29 21:32:37,038 - DEBUG - Importing CurImagePlugin
2024-01-29 21:32:37,040 - DEBUG - Importing DcxImagePlugin
2024-01-29 21:32:37,043 - DEBUG - Importing DdsImagePlugin
2024-01-29 21:32:37,045 - DEBUG - Importing EpsImagePlugin
2024-01-29 21:32:37,051 - DEBUG - Importing FitsImagePlugin
2024-01-29 21:32:37,053 - DEBUG - Importing FliImagePlugin
2024-01-29 21:32:37,055 - DEBUG - Importing FpxImagePlugin
2024-01-29 21:32:37,057 - DEBUG - Image: failed to import FpxImagePlugin: No module named 'olefile'
2024-01-29 21:32:37,057 - DEBUG - Importing FtexImagePlugin
2024-01-29 21:32:37,059 - DEBUG - Importing GbrImagePlugin
2024-01-29 21:32:37,061 - DEBUG - Importing GifImagePlugin
2024-01-29 21:32:37,061 - DEBUG - Importing GribStubImagePlugin
2024-01-29 21:32:37,062 - DEBUG - Importing Hdf5StubImagePlugin
2024-01-29 21:32:37,063 - DEBUG - Importing IcnsImagePlugin
2024-01-29 21:32:37,069 - DEBUG - Importing IcoImagePlugin
2024-01-29 21:32:37,071 - DEBUG - Importing ImImagePlugin
2024-01-29 21:32:37,075 - DEBUG - Importing ImtImagePlugin
2024-01-29 21:32:37,078 - DEBUG - Importing IptcImagePlugin
2024-01-29 21:32:37,080 - DEBUG - Importing JpegImagePlugin
2024-01-29 21:32:37,080 - DEBUG - Importing Jpeg2KImagePlugin
2024-01-29 21:32:37,080 - DEBUG - Importing McIdasImagePlugin
2024-01-29 21:32:37,081 - DEBUG - Importing MicImagePlugin
2024-01-29 21:32:37,084 - DEBUG - Image: failed to import MicImagePlugin: No module named 'olefile'
2024-01-29 21:32:37,085 - DEBUG - Importing MpegImagePlugin
2024-01-29 21:32:37,086 - DEBUG - Importing MpoImagePlugin
2024-01-29 21:32:37,117 - DEBUG - Importing MspImagePlugin
2024-01-29 21:32:37,119 - DEBUG - Importing PalmImagePlugin
2024-01-29 21:32:37,121 - DEBUG - Importing PcdImagePlugin
2024-01-29 21:32:37,123 - DEBUG - Importing PcxImagePlugin
2024-01-29 21:32:37,123 - DEBUG - Importing PdfImagePlugin
2024-01-29 21:32:37,173 - DEBUG - Importing PixarImagePlugin
2024-01-29 21:32:37,175 - DEBUG - Importing PngImagePlugin
2024-01-29 21:32:37,175 - DEBUG - Importing PpmImagePlugin
2024-01-29 21:32:37,176 - DEBUG - Importing PsdImagePlugin
2024-01-29 21:32:37,177 - DEBUG - Importing QoiImagePlugin
2024-01-29 21:32:37,179 - DEBUG - Importing SgiImagePlugin
2024-01-29 21:32:37,182 - DEBUG - Importing SpiderImagePlugin
2024-01-29 21:32:37,184 - DEBUG - Importing SunImagePlugin
2024-01-29 21:32:37,185 - DEBUG - Importing TgaImagePlugin
2024-01-29 21:32:37,187 - DEBUG - Importing TiffImagePlugin
2024-01-29 21:32:37,187 - DEBUG - Importing WebPImagePlugin
2024-01-29 21:32:37,191 - DEBUG - Importing WmfImagePlugin
2024-01-29 21:32:37,192 - DEBUG - Importing XbmImagePlugin
2024-01-29 21:32:37,202 - DEBUG - Importing XpmImagePlugin
2024-01-29 21:32:37,206 - DEBUG - Importing XVThumbImagePlugin
2024-01-29 21:32:37,425 - INFO - Resized and centered: 1001.png
2024-01-29 21:32:37,529 - INFO - Resized and centered: 1002.png
2024-01-29 21:32:38,045 - INFO - Resized and centered: 1003.png
2024-01-29 21:32:38,280 - INFO - Resized and centered: 1004.png
2024-01-29 21:32:38,549 - INFO - Resized and centered: 1005.png
2024-01-29 21:32:39,019 - INFO - Resized and centered: 1006.png
2024-01-29 21:32:39,153 - INFO - Resized and centered: 1007.png
2024-01-29 21:32:39,291 - INFO - Resized and centered: 1008.png
2024-01-29 21:32:39,472 - INFO - Resized and centered: 1009.png
2024-01-29 21:32:39,810 - INFO - Resized and centered: 1010.png
2024-01-29 21:32:40,279 - INFO - Resized and centered: 1011.png
2024-01-29 21:32:40,505 - INFO - Resized and centered: 1012.png
2024-01-29 21:32:40,964 - INFO - Resized and centered: 1013.png
2024-01-29 21:32:41,320 - INFO - Resized and centered: 1014.png
2024-01-29 21:32:41,727 - INFO - Resized and centered: 1015.png
2024-01-29 21:32:42,026 - INFO - Resized and centered: 1016.png
2024-01-29 21:32:42,403 - INFO - Resized and centered: 1017.png
2024-01-29 21:32:42,706 - INFO - Resized and centered: 1019.png
2024-01-29 21:32:43,147 - INFO - Resized and centered: 1021.png
2024-01-29 21:32:43,388 - INFO - Resized and centered: 1022.png
2024-01-29 21:32:43,489 - INFO - Resized and centered: 1023.png
2024-01-29 21:32:43,642 - INFO - Resized and centered: 1024.png
2024-01-29 21:32:43,947 - INFO - Resized and centered: 1025.png
2024-01-29 21:32:44,607 - INFO - Resized and centered: 1026.png
2024-01-29 21:32:44,717 - INFO - Resized and centered: 1027.png
2024-01-29 21:32:44,938 - INFO - Resized and centered: 1028.png
2024-01-29 21:32:45,207 - INFO - Resized and centered: 1029.png
2024-01-29 21:32:45,347 - INFO - Resized and centered: 1030.png
2024-01-29 21:32:45,944 - INFO - Resized and centered: 1031.png
2024-01-29 21:32:46,072 - INFO - Resized and centered: 1032.png
2024-01-29 21:32:46,473 - INFO - Resized and centered: 1033.png
2024-01-29 21:32:46,690 - INFO - Resized and centered: 1034.png
2024-01-29 21:32:47,046 - INFO - Resized and centered: 1035.png
2024-01-29 21:32:47,556 - INFO - Resized and centered: 1036.png
2024-01-29 21:32:47,946 - INFO - Resized and centered: 1037.png
2024-01-29 21:32:48,352 - INFO - Resized and centered: 1038.png
2024-01-29 21:32:49,226 - INFO - Resized and centered: 1039.png
2024-01-29 21:32:50,036 - INFO - Resized and centered: 1040.png
2024-01-29 21:32:50,222 - INFO - Resized and centered: 1041.png
2024-01-29 21:32:50,375 - INFO - Resized and centered: 1042.png
2024-01-29 21:32:50,846 - INFO - Resized and centered: 1043.png
2024-01-29 21:32:50,935 - INFO - Resized and centered: 1044.png
2024-01-29 21:32:51,152 - INFO - Resized and centered: 1045.png
2024-01-29 21:32:51,562 - INFO - Resized and centered: 1046.png
2024-01-29 21:32:52,055 - INFO - Resized and centered: 1047.png
2024-01-29 21:32:52,684 - INFO - Resized and centered: 1048.png
2024-01-29 21:32:53,196 - INFO - Resized and centered: 1049.png
2024-01-29 21:32:53,554 - INFO - Resized and centered: 1052.png
2024-01-29 21:32:53,814 - INFO - Resized and centered: 1053.png
2024-01-29 21:32:53,972 - INFO - Resized and centered: 1054.png
2024-01-29 21:32:54,732 - INFO - Resized and centered: 1055.png
2024-01-29 21:32:55,175 - INFO - Resized and centered: 1056.png
2024-01-29 21:32:55,385 - INFO - Resized and centered: 1057.png
2024-01-29 21:32:55,585 - INFO - Resized and centered: 1058.png
2024-01-29 21:32:55,676 - INFO - Resized and centered: 1059.png
2024-01-29 21:32:56,084 - INFO - Resized and centered: 1060.png
2024-01-29 21:32:56,364 - INFO - Resized and centered: 1061.png
2024-01-29 21:32:57,135 - INFO - Resized and centered: 1062.png
2024-01-29 21:32:57,366 - INFO - Resized and centered: 1064.png
2024-01-29 21:32:57,693 - INFO - Resized and centered: 1065.png
2024-01-29 21:32:58,421 - INFO - Resized and centered: 1066.png
2024-01-29 21:32:58,683 - INFO - Resized and centered: 1067.png
2024-01-29 21:32:59,060 - INFO - Resized and centered: 1068.png
2024-01-29 21:32:59,525 - INFO - Resized and centered: 1069.png
2024-01-29 21:32:59,853 - INFO - Resized and centered: 1070.png
2024-01-29 21:33:00,073 - INFO - Resized and centered: 1071.png
2024-01-29 21:33:00,361 - INFO - Resized and centered: 1072.png
2024-01-29 21:33:00,621 - INFO - Resized and centered: 1073.png
2024-01-29 21:33:01,048 - INFO - Resized and centered: 1074.png
2024-01-29 21:33:01,344 - INFO - Resized and centered: 1075.png
2024-01-29 21:33:01,593 - INFO - Resized and centered: 1077.png
2024-01-29 21:33:01,772 - INFO - Resized and centered: 1078.png
2024-01-29 21:33:02,181 - INFO - Resized and centered: 1079.png
2024-01-29 21:33:02,453 - INFO - Resized and centered: 1080.png
2024-01-29 21:33:03,024 - INFO - Resized and centered: 1081.png
2024-01-29 21:33:03,230 - INFO - Resized and centered: 1082.png
2024-01-29 21:33:03,443 - INFO - Resized and centered: 1083.png
2024-01-29 21:33:04,522 - INFO - Resized and centered: 1084.png
2024-01-29 21:33:04,814 - INFO - Resized and centered: 1085.png
2024-01-29 21:33:04,941 - INFO - Resized and centered: 1086.png
2024-01-29 21:33:05,302 - INFO - Resized and centered: 1087.png
2024-01-29 21:33:05,628 - INFO - Resized and centered: 1088.png
2024-01-29 21:33:06,035 - INFO - Resized and centered: 1089.png
2024-01-29 21:33:06,195 - INFO - Resized and centered: 1090.png
2024-01-29 21:33:06,319 - INFO - Resized and centered: 1091.png
2024-01-29 21:33:06,714 - INFO - Resized and centered: 1092.png
2024-01-29 21:33:06,973 - INFO - Resized and centered: 1094.png
2024-01-29 21:33:07,239 - INFO - Resized and centered: 1095.png
2024-01-29 21:33:07,665 - INFO - Resized and centered: 1096.png
2024-01-29 21:33:08,029 - INFO - Resized and centered: 1097.png
2024-01-29 21:33:08,596 - INFO - Resized and centered: 1098.png
2024-01-29 21:33:08,739 - INFO - Resized and centered: 1099.png
2024-01-29 21:33:09,160 - INFO - Resized and centered: 1100.png
2024-01-29 21:33:09,466 - INFO - Resized and centered: 1101.png
2024-01-29 21:33:09,635 - INFO - Resized and centered: 1102.png
2024-01-29 21:33:10,187 - INFO - Resized and centered: 1103.png
2024-01-29 21:33:10,446 - INFO - Resized and centered: 1104.png
2024-01-29 21:33:10,933 - INFO - Resized and centered: 1105.png
2024-01-29 21:33:11,669 - INFO - Resized and centered: 1106.png
2024-01-29 21:33:12,487 - INFO - Resized and centered: 1107.png
2024-01-29 21:33:12,696 - INFO - Resized and centered: 1108.png
2024-01-29 21:33:12,876 - INFO - Resized and centered: 1109.png
2024-01-29 21:33:13,626 - INFO - Resized and centered: 1110.png
2024-01-29 21:33:13,794 - INFO - Resized and centered: 1111.png
2024-01-29 21:33:13,995 - INFO - Resized and centered: 1112.png
2024-01-29 21:33:14,219 - INFO - Resized and centered: 1113.png
2024-01-29 21:33:14,410 - INFO - Resized and centered: 1114.png
2024-01-29 21:33:14,549 - INFO - Resized and centered: 1115.png
2024-01-29 21:33:14,822 - INFO - Resized and centered: 1116.png
2024-01-29 21:33:15,194 - INFO - Resized and centered: 1117.png
2024-01-29 21:33:15,373 - INFO - Resized and centered: 1118.png
2024-01-29 21:33:15,494 - INFO - Resized and centered: 1119.png
2024-01-29 21:33:15,647 - INFO - Resized and centered: 1120.png
2024-01-29 21:33:15,738 - INFO - Resized and centered: 1121.png
2024-01-29 21:33:15,880 - INFO - Resized and centered: 1122.png
2024-01-29 21:33:16,486 - INFO - Resized and centered: 1123.png
2024-01-29 21:33:17,038 - INFO - Resized and centered: 1124.png
2024-01-29 21:33:17,454 - INFO - Resized and centered: 1125.png
2024-01-29 21:33:17,692 - INFO - Resized and centered: 1128.png
2024-01-29 21:33:17,924 - INFO - Resized and centered: 1129.png
2024-01-29 21:33:18,388 - INFO - Resized and centered: 1130.png
2024-01-29 21:33:18,990 - INFO - Resized and centered: 1132.png
2024-01-29 21:33:19,363 - INFO - Resized and centered: 1133.png
2024-01-29 21:33:19,954 - INFO - Resized and centered: 1134.png
2024-01-29 21:33:20,207 - INFO - Resized and centered: 1135.png
2024-01-29 21:33:20,899 - INFO - Resized and centered: 1136.png
2024-01-29 21:33:21,029 - INFO - Resized and centered: 1137.png
2024-01-29 21:33:21,377 - INFO - Resized and centered: 1138.png
2024-01-29 21:33:21,875 - INFO - Resized and centered: 1139.png
2024-01-29 21:33:21,980 - INFO - Resized and centered: 1140.png
2024-01-29 21:33:22,098 - INFO - Resized and centered: 1141.png
2024-01-29 21:33:22,404 - INFO - Resized and centered: 1142.png
2024-01-29 21:33:22,588 - INFO - Resized and centered: 1143.png
2024-01-29 21:33:22,709 - INFO - Resized and centered: 1144.png
2024-01-29 21:33:23,187 - INFO - Resized and centered: 1145.png
2024-01-29 21:33:23,313 - INFO - Resized and centered: 1147.png
2024-01-29 21:33:23,545 - INFO - Resized and centered: 1148.png
2024-01-29 21:33:23,914 - INFO - Resized and centered: 1149.png
2024-01-29 21:33:24,179 - INFO - Resized and centered: 1150.png
2024-01-29 21:33:24,461 - INFO - Resized and centered: 1152.png
2024-01-29 21:33:24,688 - INFO - Resized and centered: 1164.png
2024-01-29 21:33:24,861 - INFO - Resized and centered: 1165.png
2024-01-29 21:33:25,116 - INFO - Resized and centered: 1166.png
2024-01-29 21:33:25,607 - INFO - Resized and centered: 1167.png
2024-01-29 21:33:25,755 - INFO - Resized and centered: 1168.png
2024-01-29 21:33:26,138 - INFO - Resized and centered: 1180.png
2024-01-29 21:33:26,489 - INFO - Resized and centered: 1181.png
2024-01-29 21:33:27,136 - INFO - Resized and centered: 1182.png
2024-01-29 21:33:27,493 - INFO - Resized and centered: 1184.png
2024-01-29 21:33:27,659 - INFO - Resized and centered: 1185.png
2024-01-29 21:33:27,851 - INFO - Resized and centered: 1196.png
2024-01-29 21:33:28,247 - INFO - Resized and centered: 1197.png
2024-01-29 21:33:28,504 - INFO - Resized and centered: 1199.png
2024-01-29 21:33:28,721 - INFO - Resized and centered: 1201.png
2024-01-29 21:33:28,848 - INFO - Resized and centered: 1212.png
2024-01-29 21:33:29,201 - INFO - Resized and centered: 1213.png
2024-01-29 21:33:29,403 - INFO - Resized and centered: 1214.png
2024-01-29 21:33:29,629 - INFO - Resized and centered: 1217.png
2024-01-29 21:33:29,845 - INFO - Resized and centered: 1229.png
2024-01-29 21:33:30,013 - INFO - Resized and centered: 1233.png
2024-01-29 21:33:30,287 - INFO - Resized and centered: 1234.png
2024-01-29 21:33:30,288 - DEBUG - STREAM b'IHDR' 16 13
2024-01-29 21:33:30,288 - DEBUG - STREAM b'sRGB' 41 1
2024-01-29 21:33:30,289 - DEBUG - STREAM b'gAMA' 54 4
2024-01-29 21:33:30,289 - DEBUG - STREAM b'pHYs' 70 9
2024-01-29 21:33:30,289 - DEBUG - STREAM b'IDAT' 91 65445
2024-01-29 21:33:30,830 - INFO - Resized and centered: 1245.png
2024-01-29 21:33:31,141 - INFO - Resized and centered: 1246.png
2024-01-29 21:33:31,507 - INFO - Resized and centered: 1247.png
2024-01-29 21:33:31,643 - INFO - Resized and centered: 1248.png
2024-01-29 21:33:31,953 - INFO - Resized and centered: 1250.png
2024-01-29 21:33:32,404 - INFO - Resized and centered: 1261.png
2024-01-29 21:33:32,675 - INFO - Resized and centered: 1262.png
2024-01-29 21:33:32,923 - INFO - Resized and centered: 1263.png
2024-01-29 21:33:33,347 - INFO - Resized and centered: 1264.png
2024-01-29 21:33:33,382 - WARNING - Skipped: 1265.png - Height greater than 1920
2024-01-29 21:33:33,760 - INFO - Resized and centered: 1278.png
2024-01-29 21:33:34,234 - INFO - Resized and centered: 1280.png
2024-01-29 21:33:34,580 - INFO - Resized and centered: 1281.png
2024-01-29 21:33:34,996 - INFO - Resized and centered: 1282.png
2024-01-29 21:33:34,997 - DEBUG - STREAM b'IHDR' 16 13
2024-01-29 21:33:34,997 - DEBUG - STREAM b'sRGB' 41 1
2024-01-29 21:33:34,997 - DEBUG - STREAM b'gAMA' 54 4
2024-01-29 21:33:34,997 - DEBUG - STREAM b'pHYs' 70 9
2024-01-29 21:33:34,997 - DEBUG - STREAM b'IDAT' 91 65445
2024-01-29 21:33:35,446 - INFO - Resized and centered: 1283.png
2024-01-29 21:33:35,588 - INFO - Resized and centered: 331.png
2024-01-29 21:33:35,769 - INFO - Resized and centered: 332.png
2024-01-29 21:33:36,289 - INFO - Resized and centered: 334.png
2024-01-29 21:33:36,656 - INFO - Resized and centered: 335.png
2024-01-29 21:33:36,785 - INFO - Resized and centered: 336.png
2024-01-29 21:33:37,024 - INFO - Resized and centered: 341.png
2024-01-29 21:33:37,185 - INFO - Resized and centered: 342.png
2024-01-29 21:33:37,308 - INFO - Resized and centered: 343.png
2024-01-29 21:33:37,498 - INFO - Resized and centered: 344.png
2024-01-29 21:33:37,687 - INFO - Resized and centered: 345.png
2024-01-29 21:33:37,840 - INFO - Resized and centered: 346.png
2024-01-29 21:33:37,990 - INFO - Resized and centered: 347.png
2024-01-29 21:33:38,458 - INFO - Resized and centered: 348.png
2024-01-29 21:33:38,642 - INFO - Resized and centered: 352.png
2024-01-29 21:33:38,678 - WARNING - Skipped: 353.png - Height greater than 1920
2024-01-29 21:33:38,778 - INFO - Resized and centered: 354.png
2024-01-29 21:33:39,104 - INFO - Resized and centered: 355.png
2024-01-29 21:33:39,638 - INFO - Resized and centered: 356.png
2024-01-29 21:33:39,964 - INFO - Resized and centered: 358.png
2024-01-29 21:33:40,313 - INFO - Resized and centered: 359.png
2024-01-29 21:33:40,552 - INFO - Resized and centered: 360.png
2024-01-29 21:33:40,688 - INFO - Resized and centered: 361.png
2024-01-29 21:33:41,096 - INFO - Resized and centered: 362.png
2024-01-29 21:33:41,495 - INFO - Resized and centered: 363.png
2024-01-29 21:33:41,667 - INFO - Resized and centered: 364.png
2024-01-29 21:33:42,022 - INFO - Resized and centered: 365.png
2024-01-29 21:33:42,554 - INFO - Resized and centered: 366.png
2024-01-29 21:33:42,787 - INFO - Resized and centered: 368.png
2024-01-29 21:33:43,236 - INFO - Resized and centered: 369.png
2024-01-29 21:33:43,566 - INFO - Resized and centered: 372.png
2024-01-29 21:33:43,832 - INFO - Resized and centered: 373.png
2024-01-29 21:33:43,913 - INFO - Resized and centered: 374.png
2024-01-29 21:33:44,042 - INFO - Resized and centered: 375.png
2024-01-29 21:33:44,198 - INFO - Resized and centered: 376.png
2024-01-29 21:33:44,434 - INFO - Resized and centered: 377.png
2024-01-29 21:33:45,217 - INFO - Resized and centered: 378.png
2024-01-29 21:33:45,593 - INFO - Resized and centered: 379.png
2024-01-29 21:33:45,975 - INFO - Resized and centered: 380.png
2024-01-29 21:33:46,233 - INFO - Resized and centered: 381.png
2024-01-29 21:33:46,609 - INFO - Resized and centered: 382.png
2024-01-29 21:33:46,832 - INFO - Resized and centered: 383.png
2024-01-29 21:33:46,982 - INFO - Resized and centered: 384.png
2024-01-29 21:33:47,190 - INFO - Resized and centered: 385.png
2024-01-29 21:33:47,326 - INFO - Resized and centered: 386.png
2024-01-29 21:33:47,476 - INFO - Resized and centered: 387.png
2024-01-29 21:33:47,555 - INFO - Resized and centered: 388.png
2024-01-29 21:33:47,792 - INFO - Resized and centered: 389.png
2024-01-29 21:33:48,060 - INFO - Resized and centered: 390.png
2024-01-29 21:33:48,200 - INFO - Resized and centered: 391.png
2024-01-29 21:33:48,532 - INFO - Resized and centered: 392.png
2024-01-29 21:33:48,883 - INFO - Resized and centered: 393.png
2024-01-29 21:33:49,157 - INFO - Resized and centered: 394.png
2024-01-29 21:33:49,470 - INFO - Resized and centered: 395.png
2024-01-29 21:33:49,656 - INFO - Resized and centered: 396.png
2024-01-29 21:33:49,740 - INFO - Resized and centered: 397.png
2024-01-29 21:33:50,042 - INFO - Resized and centered: 398.png
2024-01-29 21:33:50,190 - INFO - Resized and centered: 399.png
2024-01-29 21:33:50,325 - INFO - Resized and centered: 401.png
2024-01-29 21:33:50,723 - INFO - Resized and centered: 402.png
2024-01-29 21:33:51,080 - INFO - Resized and centered: 403.png
2024-01-29 21:33:51,178 - INFO - Resized and centered: 404.png
2024-01-29 21:33:51,516 - INFO - Resized and centered: 405.png
2024-01-29 21:33:51,601 - INFO - Resized and centered: 406.png
2024-01-29 21:33:51,673 - INFO - Resized and centered: 407.png
2024-01-29 21:33:52,011 - INFO - Resized and centered: 408.png
2024-01-29 21:33:52,503 - INFO - Resized and centered: 409.png
2024-01-29 21:33:52,800 - INFO - Resized and centered: 410.png
2024-01-29 21:33:53,141 - INFO - Resized and centered: 411.png
2024-01-29 21:33:53,256 - INFO - Resized and centered: 412.png
2024-01-29 21:33:53,456 - INFO - Resized and centered: 413.png
2024-01-29 21:33:53,780 - INFO - Resized and centered: 414.png
2024-01-29 21:33:54,351 - INFO - Resized and centered: 416.png
2024-01-29 21:33:54,646 - INFO - Resized and centered: 417.png
2024-01-29 21:33:54,783 - INFO - Resized and centered: 418.png
2024-01-29 21:33:55,269 - INFO - Resized and centered: 420.png
2024-01-29 21:33:55,509 - INFO - Resized and centered: 421.png
2024-01-29 21:33:55,578 - INFO - Resized and centered: 422.png
2024-01-29 21:33:55,676 - INFO - Resized and centered: 473.png
2024-01-29 21:33:56,183 - INFO - Resized and centered: 475.png
2024-01-29 21:33:56,389 - INFO - Resized and centered: 476.png
2024-01-29 21:33:56,584 - INFO - Resized and centered: 477.png
2024-01-29 21:33:56,981 - INFO - Resized and centered: 478.png
2024-01-29 21:33:57,253 - INFO - Resized and centered: 480.png
2024-01-29 21:33:57,409 - INFO - Resized and centered: 481.png
2024-01-29 21:33:57,536 - INFO - Resized and centered: 482.png
2024-01-29 21:33:57,903 - INFO - Resized and centered: 483.png
2024-01-29 21:33:58,189 - INFO - Resized and centered: 484.png
2024-01-29 21:33:58,849 - INFO - Resized and centered: 485.png
2024-01-29 21:33:59,141 - INFO - Resized and centered: 486.png
2024-01-29 21:33:59,356 - INFO - Resized and centered: 488.png
2024-01-29 21:33:59,533 - INFO - Resized and centered: 489.png
2024-01-29 21:33:59,976 - INFO - Resized and centered: 490.png
2024-01-29 21:34:00,471 - INFO - Resized and centered: 491.png
2024-01-29 21:34:00,705 - INFO - Resized and centered: 492.png
2024-01-29 21:34:01,001 - INFO - Resized and centered: 493.png
2024-01-29 21:34:01,409 - INFO - Resized and centered: 494.png
2024-01-29 21:34:01,836 - INFO - Resized and centered: 495.png
2024-01-29 21:34:02,314 - INFO - Resized and centered: 496.png
2024-01-29 21:34:02,579 - INFO - Resized and centered: 497.png
2024-01-29 21:34:02,910 - INFO - Resized and centered: 499.png
2024-01-29 21:34:03,167 - INFO - Resized and centered: 501.png
2024-01-29 21:34:03,504 - INFO - Resized and centered: 502.png
2024-01-29 21:34:04,014 - INFO - Resized and centered: 503.png
2024-01-29 21:34:04,248 - INFO - Resized and centered: 504.png
2024-01-29 21:34:04,791 - INFO - Resized and centered: 505.png
2024-01-29 21:34:04,980 - INFO - Resized and centered: 506.png
2024-01-29 21:34:05,308 - INFO - Resized and centered: 507.png
2024-01-29 21:34:05,502 - INFO - Resized and centered: 508.png
2024-01-29 21:34:05,693 - INFO - Resized and centered: 509.png
2024-01-29 21:34:06,011 - INFO - Resized and centered: 510.png
2024-01-29 21:34:06,517 - INFO - Resized and centered: 511.png
2024-01-29 21:34:06,867 - INFO - Resized and centered: 512.png
2024-01-29 21:34:07,211 - INFO - Resized and centered: 514.png
2024-01-29 21:34:07,400 - INFO - Resized and centered: 515.png
2024-01-29 21:34:07,691 - INFO - Resized and centered: 516.png
2024-01-29 21:34:07,809 - INFO - Resized and centered: 517.png
2024-01-29 21:34:08,006 - INFO - Resized and centered: 518.png
2024-01-29 21:34:08,326 - INFO - Resized and centered: 519.png
2024-01-29 21:34:08,514 - INFO - Resized and centered: 520.png
2024-01-29 21:34:08,749 - INFO - Resized and centered: 521.png
2024-01-29 21:34:09,129 - INFO - Resized and centered: 522.png
2024-01-29 21:34:09,656 - INFO - Resized and centered: 523.png
2024-01-29 21:34:09,986 - INFO - Resized and centered: 524.png
2024-01-29 21:34:10,315 - INFO - Resized and centered: 525.png
2024-01-29 21:34:10,671 - INFO - Resized and centered: 526.png
2024-01-29 21:34:10,966 - INFO - Resized and centered: 528.png
2024-01-29 21:34:11,173 - INFO - Resized and centered: 529.png
2024-01-29 21:34:11,381 - INFO - Resized and centered: 531.png
2024-01-29 21:34:11,592 - INFO - Resized and centered: 532.png
2024-01-29 21:34:11,725 - INFO - Resized and centered: 533.png
2024-01-29 21:34:12,185 - INFO - Resized and centered: 534.png
2024-01-29 21:34:12,495 - INFO - Resized and centered: 535.png
2024-01-29 21:34:12,835 - INFO - Resized and centered: 536.png
2024-01-29 21:34:13,127 - INFO - Resized and centered: 537.png
2024-01-29 21:34:13,519 - INFO - Resized and centered: 538.png
2024-01-29 21:34:13,645 - INFO - Resized and centered: 539.png
2024-01-29 21:34:13,777 - INFO - Resized and centered: 540.png
2024-01-29 21:34:14,152 - INFO - Resized and centered: 541.png
2024-01-29 21:34:14,285 - INFO - Resized and centered: 542.png
2024-01-29 21:34:14,429 - INFO - Resized and centered: 543.png
2024-01-29 21:34:14,586 - INFO - Resized and centered: 544.png
2024-01-29 21:34:14,970 - INFO - Resized and centered: 545.png
2024-01-29 21:34:15,090 - INFO - Resized and centered: 546.png
2024-01-29 21:34:15,386 - INFO - Resized and centered: 547.png
2024-01-29 21:34:15,560 - INFO - Resized and centered: 548.png
2024-01-29 21:34:15,910 - INFO - Resized and centered: 550.png
2024-01-29 21:34:16,334 - INFO - Resized and centered: 551.png
2024-01-29 21:34:16,632 - INFO - Resized and centered: 552.png
2024-01-29 21:34:16,803 - INFO - Resized and centered: 553.png
2024-01-29 21:34:17,146 - INFO - Resized and centered: 554.png
2024-01-29 21:34:17,309 - INFO - Resized and centered: 555.png
2024-01-29 21:34:17,433 - INFO - Resized and centered: 557.png
2024-01-29 21:34:17,599 - INFO - Resized and centered: 563.png
2024-01-29 21:34:17,912 - INFO - Resized and centered: 564.png
2024-01-29 21:34:18,109 - INFO - Resized and centered: 567.png
2024-01-29 21:34:18,483 - INFO - Resized and centered: 568.png
2024-01-29 21:34:18,673 - INFO - Resized and centered: 569.png
2024-01-29 21:34:19,261 - INFO - Resized and centered: 570.png
2024-01-29 21:34:19,384 - INFO - Resized and centered: 571.png
2024-01-29 21:34:19,793 - INFO - Resized and centered: 572.png
2024-01-29 21:34:20,108 - INFO - Resized and centered: 573.png
2024-01-29 21:34:20,330 - INFO - Resized and centered: 574.png
2024-01-29 21:34:20,856 - INFO - Resized and centered: 575.png
2024-01-29 21:34:20,979 - INFO - Resized and centered: 576.png
2024-01-29 21:34:21,335 - INFO - Resized and centered: 583.png
2024-01-29 21:34:21,525 - INFO - Resized and centered: 585.png
2024-01-29 21:34:22,141 - INFO - Resized and centered: 586.png
2024-01-29 21:34:22,285 - INFO - Resized and centered: 587.png
2024-01-29 21:34:22,464 - INFO - Resized and centered: 588.png
2024-01-29 21:34:22,631 - INFO - Resized and centered: 589.png
2024-01-29 21:34:22,817 - INFO - Resized and centered: 590.png
2024-01-29 21:34:23,078 - INFO - Resized and centered: 591.png
2024-01-29 21:34:23,209 - INFO - Resized and centered: 594.png
2024-01-29 21:34:23,682 - INFO - Resized and centered: 595.png
2024-01-29 21:34:23,921 - INFO - Resized and centered: 596.png
2024-01-29 21:34:24,220 - INFO - Resized and centered: 598.png
2024-01-29 21:34:24,476 - INFO - Resized and centered: 599.png
2024-01-29 21:34:25,140 - INFO - Resized and centered: 600.png
2024-01-29 21:34:25,266 - INFO - Resized and centered: 601.png
2024-01-29 21:34:25,784 - INFO - Resized and centered: 602.png
2024-01-29 21:34:26,287 - INFO - Resized and centered: 603.png
2024-01-29 21:34:26,696 - INFO - Resized and centered: 604.png
2024-01-29 21:34:26,829 - INFO - Resized and centered: 605.png
2024-01-29 21:34:27,001 - INFO - Resized and centered: 607.png
2024-01-29 21:34:27,335 - INFO - Resized and centered: 609.png
2024-01-29 21:34:27,674 - INFO - Resized and centered: 610.png
2024-01-29 21:34:28,151 - INFO - Resized and centered: 613.png
2024-01-29 21:34:28,291 - INFO - Resized and centered: 614.png
2024-01-29 21:34:29,030 - INFO - Resized and centered: 616.png
2024-01-29 21:34:29,518 - INFO - Resized and centered: 618.png
2024-01-29 21:34:30,762 - INFO - Resized and centered: 619.png
2024-01-29 21:34:31,398 - INFO - Resized and centered: 620.png
2024-01-29 21:34:31,529 - INFO - Resized and centered: 621.png
2024-01-29 21:34:31,675 - INFO - Resized and centered: 623.png
2024-01-29 21:34:32,486 - INFO - Resized and centered: 625.png
2024-01-29 21:34:32,782 - INFO - Resized and centered: 626.png
2024-01-29 21:34:33,350 - INFO - Resized and centered: 627.png
2024-01-29 21:34:33,771 - INFO - Resized and centered: 628.png
2024-01-29 21:34:34,580 - INFO - Resized and centered: 629.png
2024-01-29 21:34:34,754 - INFO - Resized and centered: 631.png
2024-01-29 21:34:34,949 - INFO - Resized and centered: 632.png
2024-01-29 21:34:35,298 - INFO - Resized and centered: 633.png
2024-01-29 21:34:35,775 - INFO - Resized and centered: 637.png
2024-01-29 21:34:36,141 - INFO - Resized and centered: 638.png
2024-01-29 21:34:36,569 - INFO - Resized and centered: 639.png
2024-01-29 21:34:37,159 - INFO - Resized and centered: 642.png
2024-01-29 21:34:37,355 - INFO - Resized and centered: 644.png
2024-01-29 21:34:37,784 - INFO - Resized and centered: 645.png
2024-01-29 21:34:38,159 - INFO - Resized and centered: 646.png
2024-01-29 21:34:38,505 - INFO - Resized and centered: 648.png
2024-01-29 21:34:38,711 - INFO - Resized and centered: 649.png
2024-01-29 21:34:38,979 - INFO - Resized and centered: 650.png
2024-01-29 21:34:39,474 - INFO - Resized and centered: 652.png
2024-01-29 21:34:39,628 - INFO - Resized and centered: 654.png
2024-01-29 21:34:40,206 - INFO - Resized and centered: 656.png
2024-01-29 21:34:40,794 - INFO - Resized and centered: 657.png
2024-01-29 21:34:41,291 - INFO - Resized and centered: 659.png
2024-01-29 21:34:41,584 - INFO - Resized and centered: 660.png
2024-01-29 21:34:41,909 - INFO - Resized and centered: 662.png
2024-01-29 21:34:42,439 - INFO - Resized and centered: 663.png
2024-01-29 21:34:42,844 - INFO - Resized and centered: 666.png
2024-01-29 21:34:43,159 - INFO - Resized and centered: 667.png
2024-01-29 21:34:43,657 - INFO - Resized and centered: 668.png
2024-01-29 21:34:44,000 - INFO - Resized and centered: 669.png
2024-01-29 21:34:44,605 - INFO - Resized and centered: 670.png
2024-01-29 21:34:45,093 - INFO - Resized and centered: 671.png
2024-01-29 21:34:45,232 - INFO - Resized and centered: 672.png
2024-01-29 21:34:45,449 - INFO - Resized and centered: 673.png
2024-01-29 21:34:45,631 - INFO - Resized and centered: 674.png
2024-01-29 21:34:45,989 - INFO - Resized and centered: 675.png
2024-01-29 21:34:46,401 - INFO - Resized and centered: 676.png
2024-01-29 21:34:46,618 - INFO - Resized and centered: 677.png
2024-01-29 21:34:47,008 - INFO - Resized and centered: 678.png
2024-01-29 21:34:47,429 - INFO - Resized and centered: 679.png
2024-01-29 21:34:47,917 - INFO - Resized and centered: 680.png
2024-01-29 21:34:48,302 - INFO - Resized and centered: 681.png
2024-01-29 21:34:48,644 - INFO - Resized and centered: 684.png
2024-01-29 21:34:49,113 - INFO - Resized and centered: 686.png
2024-01-29 21:34:49,987 - INFO - Resized and centered: 687.png
2024-01-29 21:34:50,447 - INFO - Resized and centered: 688.png
2024-01-29 21:34:50,748 - INFO - Resized and centered: 689.png
2024-01-29 21:34:50,919 - INFO - Resized and centered: 690.png
2024-01-29 21:34:51,058 - INFO - Resized and centered: 691.png
2024-01-29 21:34:51,182 - INFO - Resized and centered: 692.png
2024-01-29 21:34:51,491 - INFO - Resized and centered: 693.png
2024-01-29 21:34:51,626 - INFO - Resized and centered: 694.png
2024-01-29 21:34:52,004 - INFO - Resized and centered: 695.png
2024-01-29 21:34:52,205 - INFO - Resized and centered: 697.png
2024-01-29 21:34:52,348 - INFO - Resized and centered: 698.png
2024-01-29 21:34:52,926 - INFO - Resized and centered: 701.png
2024-01-29 21:34:53,290 - INFO - Resized and centered: 702.png
2024-01-29 21:34:53,696 - INFO - Resized and centered: 703.png
2024-01-29 21:34:53,851 - INFO - Resized and centered: 706.png
2024-01-29 21:34:54,201 - INFO - Resized and centered: 707.png
2024-01-29 21:34:54,410 - INFO - Resized and centered: 708.png
2024-01-29 21:34:54,604 - INFO - Resized and centered: 709.png
2024-01-29 21:34:54,941 - INFO - Resized and centered: 711.png
2024-01-29 21:34:55,889 - INFO - Resized and centered: 712.png
2024-01-29 21:34:56,033 - INFO - Resized and centered: 713.png
2024-01-29 21:34:56,421 - INFO - Resized and centered: 716.png
2024-01-29 21:34:56,641 - INFO - Resized and centered: 717.png
2024-01-29 21:34:56,877 - INFO - Resized and centered: 718.png
2024-01-29 21:34:57,574 - INFO - Resized and centered: 719.png
2024-01-29 21:34:57,968 - INFO - Resized and centered: 720.png
2024-01-29 21:34:58,297 - INFO - Resized and centered: 723.png
2024-01-29 21:34:58,828 - INFO - Resized and centered: 724.png
2024-01-29 21:34:59,041 - INFO - Resized and centered: 727.png
2024-01-29 21:34:59,304 - INFO - Resized and centered: 729.png
2024-01-29 21:34:59,792 - INFO - Resized and centered: 730.png
2024-01-29 21:34:59,925 - INFO - Resized and centered: 731.png
2024-01-29 21:35:00,093 - INFO - Resized and centered: 734.png
2024-01-29 21:35:00,289 - INFO - Resized and centered: 735.png
2024-01-29 21:35:00,850 - INFO - Resized and centered: 736.png
2024-01-29 21:35:01,162 - INFO - Resized and centered: 738.png
2024-01-29 21:35:01,267 - INFO - Resized and centered: 740.png
2024-01-29 21:35:01,734 - INFO - Resized and centered: 741.png
2024-01-29 21:35:02,131 - INFO - Resized and centered: 742.png
2024-01-29 21:35:02,483 - INFO - Resized and centered: 743.png
2024-01-29 21:35:02,613 - INFO - Resized and centered: 744.png
2024-01-29 21:35:02,808 - INFO - Resized and centered: 746.png
2024-01-29 21:35:03,572 - INFO - Resized and centered: 747.png
2024-01-29 21:35:03,950 - INFO - Resized and centered: 748.png
2024-01-29 21:35:04,088 - INFO - Resized and centered: 750.png
2024-01-29 21:35:04,635 - INFO - Resized and centered: 751.png
2024-01-29 21:35:04,779 - INFO - Resized and centered: 752.png
2024-01-29 21:35:05,207 - INFO - Resized and centered: 753.png
2024-01-29 21:35:05,595 - INFO - Resized and centered: 754.png
2024-01-29 21:35:05,968 - INFO - Resized and centered: 757.png
2024-01-29 21:35:06,174 - INFO - Resized and centered: 759.png
2024-01-29 21:35:06,421 - INFO - Resized and centered: 761.png
2024-01-29 21:35:06,632 - INFO - Resized and centered: 762.png
2024-01-29 21:35:06,768 - INFO - Resized and centered: 763.png
2024-01-29 21:35:07,371 - INFO - Resized and centered: 765.png
2024-01-29 21:35:07,845 - INFO - Resized and centered: 766.png
2024-01-29 21:35:07,970 - INFO - Resized and centered: 767.png
2024-01-29 21:35:08,089 - INFO - Resized and centered: 768.png
2024-01-29 21:35:08,280 - INFO - Resized and centered: 769.png
2024-01-29 21:35:08,820 - INFO - Resized and centered: 770.png
2024-01-29 21:35:09,025 - INFO - Resized and centered: 771.png
2024-01-29 21:35:09,605 - INFO - Resized and centered: 772.png
2024-01-29 21:35:10,134 - INFO - Resized and centered: 773.png
2024-01-29 21:35:10,553 - INFO - Resized and centered: 774.png
2024-01-29 21:35:10,997 - INFO - Resized and centered: 775.png
2024-01-29 21:35:11,634 - INFO - Resized and centered: 776.png
2024-01-29 21:35:12,128 - INFO - Resized and centered: 777.png
2024-01-29 21:35:12,499 - INFO - Resized and centered: 778.png
2024-01-29 21:35:12,733 - INFO - Resized and centered: 779.png
2024-01-29 21:35:13,089 - INFO - Resized and centered: 780.png
2024-01-29 21:35:13,671 - INFO - Resized and centered: 782.png
2024-01-29 21:35:13,771 - INFO - Resized and centered: 783.png
2024-01-29 21:35:14,214 - INFO - Resized and centered: 785.png
2024-01-29 21:35:14,733 - INFO - Resized and centered: 786.png
2024-01-29 21:35:14,888 - INFO - Resized and centered: 787.png
2024-01-29 21:35:15,010 - INFO - Resized and centered: 788.png
2024-01-29 21:35:15,533 - INFO - Resized and centered: 791.png
2024-01-29 21:35:16,029 - INFO - Resized and centered: 792.png
2024-01-29 21:35:16,322 - INFO - Resized and centered: 793.png
2024-01-29 21:35:16,771 - INFO - Resized and centered: 794.png
2024-01-29 21:35:17,035 - INFO - Resized and centered: 795.png
2024-01-29 21:35:17,812 - INFO - Resized and centered: 796.png
2024-01-29 21:35:18,448 - INFO - Resized and centered: 797.png
2024-01-29 21:35:19,109 - INFO - Resized and centered: 798.png
2024-01-29 21:35:19,523 - INFO - Resized and centered: 799.png
2024-01-29 21:35:19,763 - INFO - Resized and centered: 800.png
2024-01-29 21:35:20,095 - INFO - Resized and centered: 801.png
2024-01-29 21:35:20,265 - INFO - Resized and centered: 802.png
2024-01-29 21:35:20,671 - INFO - Resized and centered: 804.png
2024-01-29 21:35:21,092 - INFO - Resized and centered: 805.png
2024-01-29 21:35:21,287 - INFO - Resized and centered: 806.png
2024-01-29 21:35:21,507 - INFO - Resized and centered: 807.png
2024-01-29 21:35:21,656 - INFO - Resized and centered: 809.png
2024-01-29 21:35:21,974 - INFO - Resized and centered: 810.png
2024-01-29 21:35:22,068 - INFO - Resized and centered: 811.png
2024-01-29 21:35:22,415 - INFO - Resized and centered: 812.png
2024-01-29 21:35:22,683 - INFO - Resized and centered: 813.png
2024-01-29 21:35:22,856 - INFO - Resized and centered: 814.png
2024-01-29 21:35:23,225 - INFO - Resized and centered: 815.png
2024-01-29 21:35:23,806 - INFO - Resized and centered: 816.png
2024-01-29 21:35:24,426 - INFO - Resized and centered: 818.png
2024-01-29 21:35:24,704 - INFO - Resized and centered: 819.png
2024-01-29 21:35:24,951 - INFO - Resized and centered: 820.png
2024-01-29 21:35:25,365 - INFO - Resized and centered: 821.png
2024-01-29 21:35:25,635 - INFO - Resized and centered: 822.png
2024-01-29 21:35:25,875 - INFO - Resized and centered: 823.png
2024-01-29 21:35:26,694 - INFO - Resized and centered: 824.png
2024-01-29 21:35:26,836 - INFO - Resized and centered: 825.png
2024-01-29 21:35:27,542 - INFO - Resized and centered: 826.png
2024-01-29 21:35:27,643 - INFO - Resized and centered: 827.png
2024-01-29 21:35:27,906 - INFO - Resized and centered: 829.png
2024-01-29 21:35:28,502 - INFO - Resized and centered: 830.png
2024-01-29 21:35:29,053 - INFO - Resized and centered: 831.png
2024-01-29 21:35:29,180 - INFO - Resized and centered: 832.png
2024-01-29 21:35:29,353 - INFO - Resized and centered: 833.png
2024-01-29 21:35:29,676 - INFO - Resized and centered: 834.png
2024-01-29 21:35:29,821 - INFO - Resized and centered: 835.png
2024-01-29 21:35:29,850 - WARNING - Skipped: 836.png - Height greater than 1920
2024-01-29 21:35:29,928 - INFO - Resized and centered: 837.png
2024-01-29 21:35:30,446 - INFO - Resized and centered: 838.png
2024-01-29 21:35:30,627 - INFO - Resized and centered: 839.png
2024-01-29 21:35:30,727 - INFO - Resized and centered: 840.png
2024-01-29 21:35:31,075 - INFO - Resized and centered: 841.png
2024-01-29 21:35:31,430 - INFO - Resized and centered: 842.png
2024-01-29 21:35:31,476 - WARNING - Skipped: 843.png - Height greater than 1920
2024-01-29 21:35:31,596 - INFO - Resized and centered: 844.png
2024-01-29 21:35:31,814 - INFO - Resized and centered: 845.png
2024-01-29 21:35:32,023 - INFO - Resized and centered: 846.png
2024-01-29 21:35:32,307 - INFO - Resized and centered: 848.png
2024-01-29 21:35:32,552 - INFO - Resized and centered: 849.png
2024-01-29 21:35:32,710 - INFO - Resized and centered: 850.png
2024-01-29 21:35:33,046 - INFO - Resized and centered: 851.png
2024-01-29 21:35:33,267 - INFO - Resized and centered: 852.png
2024-01-29 21:35:33,435 - INFO - Resized and centered: 853.png
2024-01-29 21:35:33,903 - INFO - Resized and centered: 854.png
2024-01-29 21:35:34,418 - INFO - Resized and centered: 855.png
2024-01-29 21:35:34,561 - INFO - Resized and centered: 856.png
2024-01-29 21:35:34,697 - INFO - Resized and centered: 857.png
2024-01-29 21:35:35,058 - INFO - Resized and centered: 858.png
2024-01-29 21:35:35,359 - INFO - Resized and centered: 859.png
2024-01-29 21:35:35,438 - INFO - Resized and centered: 860.png
2024-01-29 21:35:35,514 - INFO - Resized and centered: 861.png
2024-01-29 21:35:35,719 - INFO - Resized and centered: 862.png
2024-01-29 21:35:36,135 - INFO - Resized and centered: 863.png
2024-01-29 21:35:36,494 - INFO - Resized and centered: 864.png
2024-01-29 21:35:36,698 - INFO - Resized and centered: 865.png
2024-01-29 21:35:36,852 - INFO - Resized and centered: 867.png
2024-01-29 21:35:37,154 - INFO - Resized and centered: 868.png
2024-01-29 21:35:37,705 - INFO - Resized and centered: 869.png
2024-01-29 21:35:37,909 - INFO - Resized and centered: 870.png
2024-01-29 21:35:37,977 - INFO - Resized and centered: 871.png
2024-01-29 21:35:38,390 - INFO - Resized and centered: 872.png
2024-01-29 21:35:38,504 - INFO - Resized and centered: 873.png
2024-01-29 21:35:38,861 - INFO - Resized and centered: 874.png
2024-01-29 21:35:39,342 - INFO - Resized and centered: 875.png
2024-01-29 21:35:39,677 - INFO - Resized and centered: 876.png
2024-01-29 21:35:39,901 - INFO - Resized and centered: 878.png
2024-01-29 21:35:40,265 - INFO - Resized and centered: 879.png
2024-01-29 21:35:40,293 - WARNING - Skipped: 880.png - Height greater than 1920
2024-01-29 21:35:40,883 - INFO - Resized and centered: 881.png
2024-01-29 21:35:40,934 - WARNING - Skipped: 882.png - Height greater than 1920
2024-01-29 21:35:41,160 - INFO - Resized and centered: 884.png
2024-01-29 21:35:41,445 - INFO - Resized and centered: 886.png
2024-01-29 21:35:41,991 - INFO - Resized and centered: 887.png
2024-01-29 21:35:42,441 - INFO - Resized and centered: 888.png
2024-01-29 21:35:42,739 - INFO - Resized and centered: 889.png
2024-01-29 21:35:43,338 - INFO - Resized and centered: 890.png
2024-01-29 21:35:43,846 - INFO - Resized and centered: 891.png
2024-01-29 21:35:44,138 - INFO - Resized and centered: 892.png
2024-01-29 21:35:44,432 - INFO - Resized and centered: 893.png
2024-01-29 21:35:44,912 - INFO - Resized and centered: 894.png
2024-01-29 21:35:45,515 - INFO - Resized and centered: 895.png
2024-01-29 21:35:45,997 - INFO - Resized and centered: 896.png
2024-01-29 21:35:46,091 - INFO - Resized and centered: 897.png
2024-01-29 21:35:46,438 - INFO - Resized and centered: 898.png
2024-01-29 21:35:46,992 - INFO - Resized and centered: 899.png
2024-01-29 21:35:47,100 - INFO - Resized and centered: 900.png
2024-01-29 21:35:47,978 - INFO - Resized and centered: 901.png
2024-01-29 21:35:48,548 - INFO - Resized and centered: 902.png
2024-01-29 21:35:48,680 - INFO - Resized and centered: 903.png
2024-01-29 21:35:48,827 - INFO - Resized and centered: 904.png
2024-01-29 21:35:49,051 - INFO - Resized and centered: 905.png
2024-01-29 21:35:49,684 - INFO - Resized and centered: 906.png
2024-01-29 21:35:50,148 - INFO - Resized and centered: 908.png
2024-01-29 21:35:50,510 - INFO - Resized and centered: 911.png
2024-01-29 21:35:51,024 - INFO - Resized and centered: 912.png
2024-01-29 21:35:51,347 - INFO - Resized and centered: 913.png
2024-01-29 21:35:51,682 - INFO - Resized and centered: 914.png
2024-01-29 21:35:52,178 - INFO - Resized and centered: 915.png
2024-01-29 21:35:52,391 - INFO - Resized and centered: 916.png
2024-01-29 21:35:52,556 - INFO - Resized and centered: 917.png
2024-01-29 21:35:52,938 - INFO - Resized and centered: 918.png
2024-01-29 21:35:53,176 - INFO - Resized and centered: 919.png
2024-01-29 21:35:53,405 - INFO - Resized and centered: 920.png
2024-01-29 21:35:53,649 - INFO - Resized and centered: 921.png
2024-01-29 21:35:53,992 - INFO - Resized and centered: 923.png
2024-01-29 21:35:54,406 - INFO - Resized and centered: 924.png
2024-01-29 21:35:54,735 - INFO - Resized and centered: 925.png
2024-01-29 21:35:55,107 - INFO - Resized and centered: 926.png
2024-01-29 21:35:55,679 - INFO - Resized and centered: 927.png
2024-01-29 21:35:55,883 - INFO - Resized and centered: 928.png
2024-01-29 21:35:56,309 - INFO - Resized and centered: 929.png
2024-01-29 21:35:56,650 - INFO - Resized and centered: 930.png
2024-01-29 21:35:57,581 - INFO - Resized and centered: 931.png
2024-01-29 21:35:58,084 - INFO - Resized and centered: 932.png
2024-01-29 21:35:58,363 - INFO - Resized and centered: 935.png
2024-01-29 21:35:58,775 - INFO - Resized and centered: 936.png
2024-01-29 21:35:59,082 - INFO - Resized and centered: 937.png
2024-01-29 21:35:59,299 - INFO - Resized and centered: 938.png
2024-01-29 21:35:59,559 - INFO - Resized and centered: 939.png
2024-01-29 21:35:59,786 - INFO - Resized and centered: 940.png
2024-01-29 21:36:00,098 - INFO - Resized and centered: 941.png
2024-01-29 21:36:00,572 - INFO - Resized and centered: 942.png
2024-01-29 21:36:01,082 - INFO - Resized and centered: 944.png
2024-01-29 21:36:01,211 - INFO - Resized and centered: 945.png
2024-01-29 21:36:01,764 - INFO - Resized and centered: 946.png
2024-01-29 21:36:01,874 - INFO - Resized and centered: 947.png
2024-01-29 21:36:01,915 - WARNING - Skipped: 948.png - Height greater than 1920
2024-01-29 21:36:02,205 - INFO - Resized and centered: 949.png
2024-01-29 21:36:02,403 - INFO - Resized and centered: 950.png
2024-01-29 21:36:02,731 - INFO - Resized and centered: 951.png
2024-01-29 21:36:02,871 - INFO - Resized and centered: 952.png
2024-01-29 21:36:03,128 - INFO - Resized and centered: 953.png
2024-01-29 21:36:03,896 - INFO - Resized and centered: 954.png
2024-01-29 21:36:04,258 - INFO - Resized and centered: 955.png
2024-01-29 21:36:04,609 - INFO - Resized and centered: 956.png
2024-01-29 21:36:05,154 - INFO - Resized and centered: 957.png
2024-01-29 21:36:05,369 - INFO - Resized and centered: 958.png
2024-01-29 21:36:06,085 - INFO - Resized and centered: 959.png
2024-01-29 21:36:06,716 - INFO - Resized and centered: 960.png
2024-01-29 21:36:06,850 - INFO - Resized and centered: 961.png
2024-01-29 21:36:06,967 - INFO - Resized and centered: 962.png
2024-01-29 21:36:07,473 - INFO - Resized and centered: 963.png
2024-01-29 21:36:07,877 - INFO - Resized and centered: 964.png
2024-01-29 21:36:08,159 - INFO - Resized and centered: 965.png
2024-01-29 21:36:08,564 - INFO - Resized and centered: 966.png
2024-01-29 21:36:08,739 - INFO - Resized and centered: 967.png
2024-01-29 21:36:09,096 - INFO - Resized and centered: 968.png
2024-01-29 21:36:09,429 - INFO - Resized and centered: 969.png
2024-01-29 21:36:09,776 - INFO - Resized and centered: 970.png
2024-01-29 21:36:10,062 - INFO - Resized and centered: 971.png
2024-01-29 21:36:10,279 - INFO - Resized and centered: 972.png
2024-01-29 21:36:10,684 - INFO - Resized and centered: 973.png
2024-01-29 21:36:10,937 - INFO - Resized and centered: 974.png
2024-01-29 21:36:11,377 - INFO - Resized and centered: 975.png
2024-01-29 21:36:11,802 - INFO - Resized and centered: 976.png
2024-01-29 21:36:12,276 - INFO - Resized and centered: 977.png
2024-01-29 21:36:12,637 - INFO - Resized and centered: 978.png
2024-01-29 21:36:12,987 - INFO - Resized and centered: 979.png
2024-01-29 21:36:13,280 - INFO - Resized and centered: 982.png
2024-01-29 21:36:13,659 - INFO - Resized and centered: 984.png
2024-01-29 21:36:14,386 - INFO - Resized and centered: 985.png
2024-01-29 21:36:14,535 - INFO - Resized and centered: 986.png
2024-01-29 21:36:14,806 - INFO - Resized and centered: 987.png
2024-01-29 21:36:14,961 - INFO - Resized and centered: 988.png
2024-01-29 21:36:15,166 - INFO - Resized and centered: 989.png
2024-01-29 21:36:15,338 - INFO - Resized and centered: 990.png
2024-01-29 21:36:15,504 - INFO - Resized and centered: 991.png
2024-01-29 21:36:15,822 - INFO - Resized and centered: 993.png
2024-01-29 21:36:16,547 - INFO - Resized and centered: 994.png
2024-01-29 21:36:17,115 - INFO - Resized and centered: 995.png
2024-01-29 21:36:17,600 - INFO - Resized and centered: 997.png
2024-01-29 21:36:17,834 - INFO - Resized and centered: 998.png
2024-01-29 21:36:18,374 - INFO - Resized and centered: 999.png
2024-01-29 21:36:18,756 - INFO - Resized and centered: documentation.png
2024-01-29 21:36:18,756 - DEBUG - STREAM b'IHDR' 16 13
2024-01-29 21:36:18,756 - DEBUG - STREAM b'gAMA' 41 4
2024-01-29 21:36:18,757 - DEBUG - STREAM b'sRGB' 57 1
2024-01-29 21:36:18,757 - DEBUG - STREAM b'vpAg' 70 9
2024-01-29 21:36:18,757 - DEBUG - b'vpAg' 70 9 (unknown)
2024-01-29 21:36:18,757 - DEBUG - STREAM b'pHYs' 91 9
2024-01-29 21:36:18,757 - DEBUG - STREAM b'PLTE' 112 768
2024-01-29 21:36:18,757 - DEBUG - STREAM b'IDAT' 892 8192
2024-01-29 21:36:18,834 - INFO - Resized and centered: if_it_aint_broke.png
2024-01-29 21:36:19,505 - INFO - Resized and centered: prod_database.png
2024-01-29 21:36:19,505 - DEBUG - STREAM b'IHDR' 16 13
2024-01-29 21:36:19,505 - DEBUG - STREAM b'sRGB' 41 1
2024-01-29 21:36:19,506 - DEBUG - STREAM b'gAMA' 54 4
2024-01-29 21:36:19,506 - DEBUG - STREAM b'pHYs' 70 9
2024-01-29 21:36:19,506 - DEBUG - STREAM b'IDAT' 91 65445
2024-01-29 21:36:19,991 - INFO - Resized and centered: sql_programmers.png
2024-01-29 21:36:19,992 - CRITICAL - Images resized and centered successfully.
